// 重构日志: 6b0154a0
// 重构日志: 10962f4b
// 同步 ID: 9fe601f3 @ Sat Jun 27 13:12:38 UTC 2026
// 同步 ID: 7638a4c3 @ Sun Jun 28 12:25:58 UTC 2026
// 同步 ID: 8e30d6ec @ Sun Jun 28 16:50:36 UTC 2026
// 重构日志: 11728bf1
// 同步 ID: 98f4ecdd @ Mon Jun 29 06:39:10 UTC 2026
// 重构日志: e4e09bb5
// 同步 ID: afb4c8f3 @ Mon Jun 29 16:25:30 UTC 2026
// 同步 ID: 6cf1c5ae @ Tue Jun 30 08:40:51 UTC 2026
// 重构日志: 44180169
// 同步 ID: db2fd098 @ Wed Jul  1 01:13:33 UTC 2026
// 重构日志: cbcae7db
// 重构日志: e1e868c7
// 重构日志: 213e02e4
// 重构日志: e6bde042
// 同步 ID: 104636d0 @ Fri Jul  3 08:58:48 UTC 2026
// 重构日志: c0c6cf75
// 同步 ID: d3f4b676 @ Sat Jul  4 00:14:24 UTC 2026
// 重构日志: bd4ce98a
// 同步 ID: daf22a0b @ Sat Jul  4 08:42:00 UTC 2026
// 同步 ID: 9e20da6d @ Sun Jul  5 00:18:44 UTC 2026
// 重构日志: de16c518
// 同步 ID: fc914e54 @ Mon Jul  6 14:41:26 UTC 2026
// 重构日志: a4291f54
// 同步 ID: 62d78f22 @ Mon Jul  6 22:45:39 UTC 2026
// 重构日志: 05e3c13b
// 重构日志: 2ed15679
// 同步 ID: 7f28ed74 @ Tue Jul  7 09:31:25 UTC 2026
// 同步 ID: 1f884021 @ Wed Jul  8 04:44:20 UTC 2026
// 重构日志: 697daf21
// 重构日志: 2439dd78
// 重构日志: dac0988a
